2023-06-20 01:12:24,538 INFO sqlalchemy.engine.Engine select pg_catalog.version()
2023-06-20 01:12:24,538 INFO sqlalchemy.engine.Engine [raw sql] ()
2023-06-20 01:12:24,539 INFO sqlalchemy.engine.Engine select current_schema()
2023-06-20 01:12:24,539 INFO sqlalchemy.engine.Engine [raw sql] ()
2023-06-20 01:12:24,540 INFO sqlalchemy.engine.Engine show standard_conforming_strings
2023-06-20 01:12:24,540 INFO sqlalchemy.engine.Engine [raw sql] ()
2023-06-20 01:12:24,541 INFO sqlalchemy.engine.Engine BEGIN (implicit)
2023-06-20 01:12:24,542 INFO sqlalchemy.engine.Engine select relname from pg_class c join pg_namespace n on n.oid=c.relnamespace where pg_catalog.pg_table_is_visible(c.oid) and relname=%s
2023-06-20 01:12:24,542 INFO sqlalchemy.engine.Engine [generated in 0.00016s] ('user_role',)
2023-06-20 01:12:24,544 INFO sqlalchemy.engine.Engine select relname from pg_class c join pg_namespace n on n.oid=c.relnamespace where pg_catalog.pg_table_is_visible(c.oid) and relname=%s
2023-06-20 01:12:24,544 INFO sqlalchemy.engine.Engine [cached since 0.002264s ago] ('users',)
2023-06-20 01:12:24,545 INFO sqlalchemy.engine.Engine select relname from pg_class c join pg_namespace n on n.oid=c.relnamespace where pg_catalog.pg_table_is_visible(c.oid) and relname=%s
2023-06-20 01:12:24,545 INFO sqlalchemy.engine.Engine [cached since 0.003106s ago] ('role',)
2023-06-20 01:12:24,546 INFO sqlalchemy.engine.Engine select relname from pg_class c join pg_namespace n on n.oid=c.relnamespace where pg_catalog.pg_table_is_visible(c.oid) and relname=%s
2023-06-20 01:12:24,546 INFO sqlalchemy.engine.Engine select pg_catalog.version()
2023-06-20 01:12:24,546 INFO sqlalchemy.engine.Engine [cached since 0.003917s ago] ('person',)
2023-06-20 01:12:24,546 INFO sqlalchemy.engine.Engine [raw sql] ()
2023-06-20 01:12:24,547 INFO sqlalchemy.engine.Engine COMMIT
2023-06-20 01:12:24,548 INFO sqlalchemy.engine.Engine select current_schema()
2023-06-20 01:12:24,548 INFO sqlalchemy.engine.Engine [raw sql] ()
2023-06-20 01:12:24,548 INFO sqlalchemy.engine.Engine BEGIN (implicit)
2023-06-20 01:12:24,549 INFO sqlalchemy.engine.Engine show standard_conforming_strings
2023-06-20 01:12:24,549 INFO sqlalchemy.engine.Engine [raw sql] ()
2023-06-20 01:12:24,550 INFO sqlalchemy.engine.Engine BEGIN (implicit)
2023-06-20 01:12:24,551 INFO sqlalchemy.engine.Engine select relname from pg_class c join pg_namespace n on n.oid=c.relnamespace where pg_catalog.pg_table_is_visible(c.oid) and relname=%s
2023-06-20 01:12:24,551 INFO sqlalchemy.engine.Engine [generated in 0.00017s] ('user_role',)
2023-06-20 01:12:24,553 INFO sqlalchemy.engine.Engine select relname from pg_class c join pg_namespace n on n.oid=c.relnamespace where pg_catalog.pg_table_is_visible(c.oid) and relname=%s
2023-06-20 01:12:24,553 INFO sqlalchemy.engine.Engine [cached since 0.002663s ago] ('users',)
2023-06-20 01:12:24,554 INFO sqlalchemy.engine.Engine select relname from pg_class c join pg_namespace n on n.oid=c.relnamespace where pg_catalog.pg_table_is_visible(c.oid) and relname=%s
2023-06-20 01:12:24,554 INFO sqlalchemy.engine.Engine [cached since 0.003532s ago] ('role',)
2023-06-20 01:12:24,555 INFO sqlalchemy.engine.Engine select relname from pg_class c join pg_namespace n on n.oid=c.relnamespace where pg_catalog.pg_table_is_visible(c.oid) and relname=%s
2023-06-20 01:12:24,555 INFO sqlalchemy.engine.Engine [cached since 0.004447s ago] ('person',)
2023-06-20 01:12:24,556 INFO sqlalchemy.engine.Engine COMMIT
2023-06-20 01:12:24,557 INFO sqlalchemy.engine.Engine BEGIN (implicit)
2023-06-20 01:12:24,558 INFO sqlalchemy.engine.Engine SELECT role.modified_at, role.created_at, role.id, role.role_name 
FROM role 
WHERE role.role_name IN (%s, %s, %s, %s, %s, %s, %s)
2023-06-20 01:12:24,558 INFO sqlalchemy.engine.Engine [generated in 0.00058s] ('admin', 'business', 'DBS', 'marketing', 'tech', 'netmonk', 'user')
2023-06-20 01:12:24,567 INFO sqlalchemy.engine.Engine SELECT role.modified_at, role.created_at, role.id, role.role_name 
FROM role 
WHERE role.role_name IN (%s, %s, %s, %s, %s, %s, %s)
2023-06-20 01:12:24,567 INFO sqlalchemy.engine.Engine [generated in 0.00054s] ('admin', 'business', 'DBS', 'marketing', 'tech', 'netmonk', 'user')
2023-06-20 01:12:24,574 INFO sqlalchemy.engine.Engine select pg_catalog.version()
2023-06-20 01:12:24,574 INFO sqlalchemy.engine.Engine select pg_catalog.version()
2023-06-20 01:12:24,574 INFO sqlalchemy.engine.Engine [raw sql] ()
2023-06-20 01:12:24,574 INFO sqlalchemy.engine.Engine [raw sql] ()
2023-06-20 01:12:24,575 INFO sqlalchemy.engine.Engine select current_schema()
2023-06-20 01:12:24,575 INFO sqlalchemy.engine.Engine select current_schema()
2023-06-20 01:12:24,576 INFO sqlalchemy.engine.Engine [raw sql] ()
2023-06-20 01:12:24,576 INFO sqlalchemy.engine.Engine [raw sql] ()
2023-06-20 01:12:24,576 INFO sqlalchemy.engine.Engine show standard_conforming_strings
2023-06-20 01:12:24,576 INFO sqlalchemy.engine.Engine show standard_conforming_strings
2023-06-20 01:12:24,576 INFO sqlalchemy.engine.Engine [raw sql] ()
2023-06-20 01:12:24,576 INFO sqlalchemy.engine.Engine [raw sql] ()
2023-06-20 01:12:24,577 INFO sqlalchemy.engine.Engine BEGIN (implicit)
2023-06-20 01:12:24,577 INFO sqlalchemy.engine.Engine BEGIN (implicit)
2023-06-20 01:12:24,578 INFO sqlalchemy.engine.Engine select relname from pg_class c join pg_namespace n on n.oid=c.relnamespace where pg_catalog.pg_table_is_visible(c.oid) and relname=%s
2023-06-20 01:12:24,578 INFO sqlalchemy.engine.Engine [generated in 0.00012s] ('user_role',)
2023-06-20 01:12:24,578 INFO sqlalchemy.engine.Engine select relname from pg_class c join pg_namespace n on n.oid=c.relnamespace where pg_catalog.pg_table_is_visible(c.oid) and relname=%s
2023-06-20 01:12:24,578 INFO sqlalchemy.engine.Engine [generated in 0.00013s] ('user_role',)
2023-06-20 01:12:24,580 INFO sqlalchemy.engine.Engine select relname from pg_class c join pg_namespace n on n.oid=c.relnamespace where pg_catalog.pg_table_is_visible(c.oid) and relname=%s
2023-06-20 01:12:24,580 INFO sqlalchemy.engine.Engine [cached since 0.001978s ago] ('users',)
2023-06-20 01:12:24,580 INFO sqlalchemy.engine.Engine select relname from pg_class c join pg_namespace n on n.oid=c.relnamespace where pg_catalog.pg_table_is_visible(c.oid) and relname=%s
2023-06-20 01:12:24,580 INFO sqlalchemy.engine.Engine [cached since 0.002399s ago] ('users',)
2023-06-20 01:12:24,580 INFO sqlalchemy.engine.Engine select relname from pg_class c join pg_namespace n on n.oid=c.relnamespace where pg_catalog.pg_table_is_visible(c.oid) and relname=%s
2023-06-20 01:12:24,580 INFO sqlalchemy.engine.Engine [cached since 0.002617s ago] ('role',)
2023-06-20 01:12:24,581 INFO sqlalchemy.engine.Engine select relname from pg_class c join pg_namespace n on n.oid=c.relnamespace where pg_catalog.pg_table_is_visible(c.oid) and relname=%s
2023-06-20 01:12:24,581 INFO sqlalchemy.engine.Engine select relname from pg_class c join pg_namespace n on n.oid=c.relnamespace where pg_catalog.pg_table_is_visible(c.oid) and relname=%s
2023-06-20 01:12:24,581 INFO sqlalchemy.engine.Engine [cached since 0.00317s ago] ('role',)
2023-06-20 01:12:24,581 INFO sqlalchemy.engine.Engine [cached since 0.003301s ago] ('person',)
2023-06-20 01:12:24,582 INFO sqlalchemy.engine.Engine select relname from pg_class c join pg_namespace n on n.oid=c.relnamespace where pg_catalog.pg_table_is_visible(c.oid) and relname=%s
2023-06-20 01:12:24,582 INFO sqlalchemy.engine.Engine [cached since 0.003847s ago] ('person',)
2023-06-20 01:12:24,582 INFO sqlalchemy.engine.Engine COMMIT
2023-06-20 01:12:24,582 INFO sqlalchemy.engine.Engine COMMIT
2023-06-20 01:12:24,583 INFO sqlalchemy.engine.Engine BEGIN (implicit)
2023-06-20 01:12:24,583 INFO sqlalchemy.engine.Engine BEGIN (implicit)
2023-06-20 01:12:24,589 INFO sqlalchemy.engine.Engine SELECT role.modified_at, role.created_at, role.id, role.role_name 
FROM role 
WHERE role.role_name IN (%s, %s, %s, %s, %s, %s, %s)
2023-06-20 01:12:24,589 INFO sqlalchemy.engine.Engine [generated in 0.00041s] ('admin', 'business', 'DBS', 'marketing', 'tech', 'netmonk', 'user')
2023-06-20 01:12:24,590 INFO sqlalchemy.engine.Engine SELECT role.modified_at, role.created_at, role.id, role.role_name 
FROM role 
WHERE role.role_name IN (%s, %s, %s, %s, %s, %s, %s)
2023-06-20 01:12:24,590 INFO sqlalchemy.engine.Engine [generated in 0.00044s] ('admin', 'business', 'DBS', 'marketing', 'tech', 'netmonk', 'user')
2023-06-20 01:16:14,253 INFO sqlalchemy.engine.Engine SELECT users.modified_at, users.username, users.email, users.created_at, users.id, users.role, users.password, users.person_id 
FROM users 
WHERE users.username = %s
2023-06-20 01:16:14,253 INFO sqlalchemy.engine.Engine [generated in 0.00024s] ('netmonk',)
2023-06-20 01:16:14,506 INFO sqlalchemy.engine.Engine SELECT users.modified_at, users.username, users.email, users.created_at, users.id, users.role, users.password, users.person_id 
FROM users 
WHERE users.username = %s
2023-06-20 01:16:14,506 INFO sqlalchemy.engine.Engine [cached since 0.2535s ago] ('netmonk',)
2023-06-20 01:19:41,232 INFO sqlalchemy.engine.Engine SELECT users.modified_at, users.username, users.email, users.created_at, users.id, users.role, users.password, users.person_id 
FROM users 
WHERE users.username = %s
2023-06-20 01:19:41,233 INFO sqlalchemy.engine.Engine [generated in 0.00024s] ('netmonk',)
2023-06-20 01:19:41,486 INFO sqlalchemy.engine.Engine SELECT users.modified_at, users.username, users.email, users.created_at, users.id, users.role, users.password, users.person_id 
FROM users 
WHERE users.username = %s
2023-06-20 01:19:41,486 INFO sqlalchemy.engine.Engine [cached since 0.2533s ago] ('netmonk',)
2023-06-20 01:25:51,715 INFO sqlalchemy.engine.Engine SELECT users.modified_at, users.username, users.email, users.created_at, users.id, users.role, users.password, users.person_id 
FROM users 
WHERE users.username = %s
2023-06-20 01:25:51,715 INFO sqlalchemy.engine.Engine [cached since 577.5s ago] ('netmonk',)
2023-06-20 01:25:51,946 INFO sqlalchemy.engine.Engine SELECT users.modified_at, users.username, users.email, users.created_at, users.id, users.role, users.password, users.person_id 
FROM users 
WHERE users.username = %s
2023-06-20 01:25:51,946 INFO sqlalchemy.engine.Engine [cached since 577.7s ago] ('netmonk',)
Usage: uvicorn [OPTIONS] APP
Try 'uvicorn --help' for help.

Error: No such option: --log-config log.ini  Did you mean --log-config?
2023-06-20 02:40:56,918 INFO sqlalchemy.engine.Engine SELECT users.modified_at, users.username, users.email, users.created_at, users.id, users.role, users.password, users.person_id 
FROM users 
WHERE users.username = %s
2023-06-20 02:40:56,918 INFO sqlalchemy.engine.Engine [generated in 0.00023s] ('netmonk',)
2023-06-20 02:40:57,170 INFO sqlalchemy.engine.Engine SELECT users.modified_at, users.username, users.email, users.created_at, users.id, users.role, users.password, users.person_id 
FROM users 
WHERE users.username = %s
2023-06-20 02:40:57,170 INFO sqlalchemy.engine.Engine [cached since 0.2522s ago] ('netmonk',)
2023-06-20 03:06:39,707 INFO sqlalchemy.engine.Engine SELECT users.modified_at, users.username, users.email, users.created_at, users.id, users.role, users.password, users.person_id 
FROM users 
WHERE users.username = %s
2023-06-20 03:06:39,707 INFO sqlalchemy.engine.Engine [cached since 6625s ago] ('treg1',)
2023-06-20 03:06:39,938 INFO sqlalchemy.engine.Engine SELECT users.modified_at, users.username, users.email, users.created_at, users.id, users.role, users.password, users.person_id 
FROM users 
WHERE users.username = %s
2023-06-20 03:06:39,938 INFO sqlalchemy.engine.Engine [cached since 6626s ago] ('treg1',)
2023-06-20 03:11:24,515 INFO sqlalchemy.engine.Engine SELECT users.modified_at, users.username, users.email, users.created_at, users.id, users.role, users.password, users.person_id 
FROM users 
WHERE users.username = %s
2023-06-20 03:11:24,516 INFO sqlalchemy.engine.Engine [cached since 1828s ago] ('netmonk',)
2023-06-20 03:11:24,746 INFO sqlalchemy.engine.Engine SELECT users.modified_at, users.username, users.email, users.created_at, users.id, users.role, users.password, users.person_id 
FROM users 
WHERE users.username = %s
2023-06-20 03:11:24,746 INFO sqlalchemy.engine.Engine [cached since 1828s ago] ('netmonk',)
